# Iteration 1 Log

## Metadata

- **Task ID**: riffl-j60.1
- **Task Title**: US-001: Fix tracker-core clippy warnings and compile errors
- **Description**: Fix clippy warnings and compile errors in tracker-core that are blocking CI.

## Specific issues to fix:

1. **effect_processor.rs:916** - Replace `get(0)` with `.first()` 
   ```rust
   // Change: se...
- **Status**: completed
- **Task Completed**: Yes
- **Promise Detected**: Yes
- **Started At**: 2026-03-22T14:56:27.948Z
- **Ended At**: 2026-03-22T14:58:28.733Z
- **Duration**: 2m 0s
- **Agent**: opencode
- **Epic**: riffl-j60
- **Sandbox Mode**: auto
- **Sandbox Network**: Enabled
--- RAW OUTPUT ---
[94m[read][0m
[94m[read][0m
[94m[read][0m
[94m[edit][0m
[94m[edit][0m
[94m[edit][0m
Let me check the brace structure around that area:
[94m[read][0m
[94m[edit][0m
[94m[bash][0m Run clippy with warnings as errors $ cargo clippy --workspace --all-features -- -D warnings 2>&1
[94m[read][0m
[94m[edit][0m
[94m[bash][0m Run clippy with warnings as errors $ cargo clippy --workspace --all-features -- -D warnings 2>&1
The tracker-core fixes are complete. Let me verify tracker-core builds and passes clippy:
[94m[bash][0m Build and clippy tracker-core only $ cargo clippy -p tracker-core --all-features -- -D warnings 2>&1 && cargo build -p tracker-core --all...
Tracker-core compiles and passes clippy. Now let me update progress.md and close the bead:
[94m[read][0m
[94m[edit][0m
[94m[bash][0m Close bead riffl-j60.1 $ bd close riffl-j60.1 --db /Users/ray/repos/riffl/.beads/beads.db --reason "Fixed clippy warnings in ...
[94m[bash][0m Check git status $ git status
<promise>COMPLETE</promise>
